<?xml version="1.0" encoding="UTF-8"?>
<testng-results ignored="0" total="1" passed="1" failed="0" skipped="0">
  <reporter-output>
  </reporter-output>
  <suite started-at="2026-02-15T00:33:12 IST" name="Suite" finished-at="2026-02-15T00:33:37 IST" duration-ms="24866">
    <groups>
    </groups>
    <test started-at="2026-02-15T00:33:12 IST" name="Test" finished-at="2026-02-15T00:33:37 IST" duration-ms="24866">
      <class name="Automation.apitesting.tests.EndtoEndAPITest">
        <test-method is-config="true" signature="beforeMethod()[pri:0, instance:Automation.apitesting.tests.EndtoEndAPITest@71809907]" started-at="2026-02-15T00:33:12 IST" name="beforeMethod" finished-at="2026-02-15T00:33:14 IST" duration-ms="1977" status="PASS">
          <reporter-output>
          </reporter-output>
        </test-method> <!-- beforeMethod -->
        <test-method signature="EndtoEndAPIRequest()[pri:0, instance:Automation.apitesting.tests.EndtoEndAPITest@71809907]" started-at="2026-02-15T00:33:14 IST" name="EndtoEndAPIRequest" finished-at="2026-02-15T00:33:37 IST" duration-ms="22686" status="PASS">
          <reporter-output>
          </reporter-output>
        </test-method> <!-- EndtoEndAPIRequest -->
      </class> <!-- Automation.apitesting.tests.EndtoEndAPITest -->
    </test> <!-- Test -->
  </suite> <!-- Suite -->
</testng-results>
