<?xml version="1.0" encoding="UTF-8"?>
<testng-results ignored="0" total="1" passed="1" failed="0" skipped="0">
  <reporter-output>
  </reporter-output>
  <suite started-at="2026-02-14T23:31:56 IST" name="Default suite" finished-at="2026-02-14T23:32:13 IST" duration-ms="17672">
    <groups>
    </groups>
    <test started-at="2026-02-14T23:31:56 IST" name="Default test" finished-at="2026-02-14T23:32:13 IST" duration-ms="17672">
      <class name="Automation.apitesting.tests.PatchAPIRequest">
        <test-method signature="patchAPIRequest()[pri:0, instance:Automation.apitesting.tests.PatchAPIRequest@3590fc5b]" started-at="2026-02-14T23:31:56 IST" name="patchAPIRequest" finished-at="2026-02-14T23:32:13 IST" duration-ms="17530" status="PASS">
          <reporter-output>
          </reporter-output>
        </test-method> <!-- patchAPIRequest -->
      </class> <!-- Automation.apitesting.tests.PatchAPIRequest -->
    </test> <!-- Default test -->
  </suite> <!-- Default suite -->
</testng-results>
