<?xml version="1.0" encoding="UTF-8"?>
<!-- Generated by org.testng.reporters.JUnitReportReporter -->
<testsuite hostname="Desktop" failures="0" tests="4" name="Day1.HTTPRequests2" time="7.309" errors="0" timestamp="2026-01-28T11:59:29 IST" skipped="0">
  <testcase classname="Day1.HTTPRequests2" name="updateUser" time="0.913"/>
  <testcase classname="Day1.HTTPRequests2" name="deleteUser" time="0.766"/>
  <testcase classname="Day1.HTTPRequests2" name="getUsers" time="1.391"/>
  <testcase classname="Day1.HTTPRequests2" name="createUser" time="4.239"/>
</testsuite> <!-- Day1.HTTPRequests2 -->
